<?xml version="1.0" encoding="UTF-8"?>
<!-- Generated by org.testng.reporters.JUnitXMLReporter -->
<testsuite ignored="4" hostname="DELL-PC" failures="0" tests="3" name="firefox" time="0.206" errors="0" timestamp="2022-10-18T17:52:52 IST">
  <testcase classname="com.genericutility.BaseClass" name="@BeforeClass launchBrowser" time="0.0">
    <failure type="java.lang.Error" message="Unresolved compilation problems: 
	browser cannot be resolved
	browser cannot be resolved
	Syntax error, insert &amp;quot;;&amp;quot; to complete Statement
">
      <![CDATA[java.lang.Error: Unresolved compilation problems: 
browser cannot be resolved
browser cannot be resolved
Syntax error, insert ";" to complete Statement

at com.genericutility.BaseClass.launchBrowser(BaseClass.java:43)
at java.base/java.util.concurrent.ThreadPoolExecutor.runWorker(ThreadPoolExecutor.java:1128)
at java.base/java.util.concurrent.ThreadPoolExecutor$Worker.run(ThreadPoolExecutor.java:628)
at java.base/java.lang.Thread.run(Thread.java:834)
... Removed 10 stack frames]]>
    </failure>
  </testcase> <!-- @BeforeClass launchBrowser -->
  <testcase classname="com.genericutility.BaseClass" name="@BeforeMethod logintoApp" time="-1.666095772097E9">
    <skipped/>
  </testcase> <!-- @BeforeMethod logintoApp -->
  <testcase classname="com.genericutility.BaseClass" name="@AfterMethod logoutfromapp" time="-1.666095772123E9">
    <skipped/>
  </testcase> <!-- @AfterMethod logoutfromapp -->
  <testcase classname="com.genericutility.BaseClass" name="@AfterClass closebrowser" time="-1.666095772132E9">
    <skipped/>
  </testcase> <!-- @AfterClass closebrowser -->
  <testcase classname="com.genericutility.BaseClass" name="@BeforeClass launchBrowser" time="0.001">
    <failure type="java.lang.Error" message="Unresolved compilation problems: 
	browser cannot be resolved
	browser cannot be resolved
	Syntax error, insert &amp;quot;;&amp;quot; to complete Statement
">
      <![CDATA[java.lang.Error: Unresolved compilation problems: 
browser cannot be resolved
browser cannot be resolved
Syntax error, insert ";" to complete Statement

at com.genericutility.BaseClass.launchBrowser(BaseClass.java:43)
at java.base/java.util.concurrent.ThreadPoolExecutor.runWorker(ThreadPoolExecutor.java:1128)
at java.base/java.util.concurrent.ThreadPoolExecutor$Worker.run(ThreadPoolExecutor.java:628)
at java.base/java.lang.Thread.run(Thread.java:834)
... Removed 10 stack frames]]>
    </failure>
  </testcase> <!-- @BeforeClass launchBrowser -->
  <testcase classname="com.genericutility.BaseClass" name="@BeforeClass launchBrowser" time="0.001">
    <failure type="java.lang.Error" message="Unresolved compilation problems: 
	browser cannot be resolved
	browser cannot be resolved
	Syntax error, insert &amp;quot;;&amp;quot; to complete Statement
">
      <![CDATA[java.lang.Error: Unresolved compilation problems: 
browser cannot be resolved
browser cannot be resolved
Syntax error, insert ";" to complete Statement

at com.genericutility.BaseClass.launchBrowser(BaseClass.java:43)
at java.base/java.util.concurrent.ThreadPoolExecutor.runWorker(ThreadPoolExecutor.java:1128)
at java.base/java.util.concurrent.ThreadPoolExecutor$Worker.run(ThreadPoolExecutor.java:628)
at java.base/java.lang.Thread.run(Thread.java:834)
... Removed 10 stack frames]]>
    </failure>
  </testcase> <!-- @BeforeClass launchBrowser -->
  <testcase classname="com.genericutility.BaseClass" name="@BeforeMethod logintoApp" time="-1.666095772188E9">
    <skipped/>
  </testcase> <!-- @BeforeMethod logintoApp -->
  <testcase classname="com.genericutility.BaseClass" name="@AfterMethod logoutfromapp" time="-1.666095772198E9">
    <skipped/>
  </testcase> <!-- @AfterMethod logoutfromapp -->
  <testcase classname="com.genericutility.BaseClass" name="@AfterClass closebrowser" time="-1.666095772203E9">
    <skipped/>
  </testcase> <!-- @AfterClass closebrowser -->
  <testcase classname="com.genericutility.BaseClass" name="@BeforeMethod logintoApp" time="-1.666095772208E9">
    <skipped/>
  </testcase> <!-- @BeforeMethod logintoApp -->
  <testcase classname="com.genericutility.BaseClass" name="@AfterMethod logoutfromapp" time="-1.666095772217E9">
    <skipped/>
  </testcase> <!-- @AfterMethod logoutfromapp -->
  <testcase classname="com.genericutility.BaseClass" name="@AfterClass closebrowser" time="-1.666095772222E9">
    <skipped/>
  </testcase> <!-- @AfterClass closebrowser -->
  <testcase classname="TestNGPracticeTest.CreateOrganisationTest" name="CreateOrg" time="0.0">
    <skipped/>
  </testcase> <!-- CreateOrg -->
  <testcase classname="TestNGPracticeTest.CreateOrganisationWithIndTest" name="CreateOrgWithTest" time="0.0">
    <skipped/>
  </testcase> <!-- CreateOrgWithTest -->
  <testcase classname="TestNGPracticeTest.CreateConWithOrgNameTest" name="CreateConWithOrg" time="0.0">
    <skipped/>
  </testcase> <!-- CreateConWithOrg -->
  <testcase classname="com.genericutility.BaseClass" name="@AfterSuite databaseDisconnect" time="0.0">
    <ignored/>
  </testcase> <!-- @AfterSuite databaseDisconnect -->
  <testcase classname="com.genericutility.BaseClass" name="@AfterSuite databaseDisconnect" time="0.0">
    <ignored/>
  </testcase> <!-- @AfterSuite databaseDisconnect -->
  <testcase classname="com.genericutility.BaseClass" name="@BeforeSuite databaseConnection" time="0.0">
    <ignored/>
  </testcase> <!-- @BeforeSuite databaseConnection -->
  <testcase classname="com.genericutility.BaseClass" name="@BeforeSuite databaseConnection" time="0.0">
    <ignored/>
  </testcase> <!-- @BeforeSuite databaseConnection -->
</testsuite> <!-- firefox -->
